<?xml version="1.0" encoding="UTF-8"?>
<!-- Generated by org.testng.reporters.JUnitXMLReporter -->
<testsuite ignored="0" hostname="DESKTOP-DUERR93" failures="0" tests="8" name="Snapdeal Tests" time="123.027" errors="0" timestamp="2024-08-18T16:26:33 IST">
  <testcase classname="snapdeal_automation.snapdeal_automation_suite.ProductSearchTest" name="productSearch" time="3.361"/>
  <testcase classname="snapdeal_automation.snapdeal_automation_suite.ProductSortingTest" name="verifySortingByPriceHighToLow" time="4.612"/>
  <testcase classname="snapdeal_automation.snapdeal_automation_suite.ProductSortingTest" name="verifySortingByPriceLowToHigh" time="4.864"/>
  <testcase classname="snapdeal_automation.snapdeal_automation_suite.BrandFilterTest" name="verifyBrandFilterFunctionality" time="8.626"/>
  <testcase classname="snapdeal_automation.snapdeal_automation_suite.PriceFilterTest" name="verifyPriceFilterFunctionality" time="4.974"/>
  <testcase classname="snapdeal_automation.snapdeal_automation_suite.ProductImageDisplayTest" name="verifyProductImage" time="2.255"/>
  <testcase classname="snapdeal_automation.snapdeal_automation_suite.AddToCartTest" name="verifyAddToCartFunctionality" time="11.367"/>
  <testcase classname="snapdeal_automation.snapdeal_automation_suite.RemoveFromCartTest" name="verifyRemoveFromCartFunctionality" time="13.846"/>
</testsuite> <!-- Snapdeal Tests -->
