<?xml version="1.0" encoding="UTF-8"?>
<!-- Generated by org.testng.reporters.JUnitXMLReporter -->
<testsuite ignored="0" hostname="WS-16454" failures="0" tests="8" name="Snapdeal Tests" time="114.363" errors="0" timestamp="2024-08-17T22:36:15 IST">
  <testcase classname="snapdeal_automation.snapdeal_automation_suite.ProductSearchTest" name="productSearch" time="2.264"/>
  <testcase classname="snapdeal_automation.snapdeal_automation_suite.ProductSortingTest" name="verifySortingByPriceHighToLow" time="4.341"/>
  <testcase classname="snapdeal_automation.snapdeal_automation_suite.ProductSortingTest" name="verifySortingByPriceLowToHigh" time="4.542"/>
  <testcase classname="snapdeal_automation.snapdeal_automation_suite.BrandFilterTest" name="verifyBrandFilterFunctionality" time="7.705"/>
  <testcase classname="snapdeal_automation.snapdeal_automation_suite.PriceFilterTest" name="verifyPriceFilterFunctionality" time="4.753"/>
  <testcase classname="snapdeal_automation.snapdeal_automation_suite.ProductImageDisplayTest" name="verifyProductImage" time="2.28"/>
  <testcase classname="snapdeal_automation.snapdeal_automation_suite.AddToCartTest" name="verifyAddToCartFunctionality" time="8.752"/>
  <testcase classname="snapdeal_automation.snapdeal_automation_suite.RemoveFromCartTest" name="verifyRemoveFromCartFunctionality" time="12.99"/>
</testsuite> <!-- Snapdeal Tests -->
