<?xml version="1.0" encoding="UTF-8"?>
<!-- Generated by org.testng.reporters.JUnitXMLReporter -->
<testsuite ignored="0" hostname="WS-16454" failures="0" tests="8" name="Test" time="109.321" errors="0" timestamp="2024-08-17T17:41:02 IST">
  <testcase classname="snapdeal_automation.snapdeal_automation_suite.ProductSortingTest" name="verifySortingByPriceHighToLow" time="5.482"/>
  <testcase classname="snapdeal_automation.snapdeal_automation_suite.ProductSortingTest" name="verifySortingByPriceLowToHigh" time="4.361"/>
  <testcase classname="snapdeal_automation.snapdeal_automation_suite.BrandFilterTest" name="verifyBrandFilterFunctionality" time="7.838"/>
  <testcase classname="snapdeal_automation.snapdeal_automation_suite.RemoveFromCartTest" name="verifyRemoveFromCartFunctionality" time="12.84"/>
  <testcase classname="snapdeal_automation.snapdeal_automation_suite.ProductImageDisplayTest" name="verifyProductImage" time="2.212"/>
  <testcase classname="snapdeal_automation.snapdeal_automation_suite.AddToCartTest" name="verifyAddToCartFunctionality" time="8.422"/>
  <testcase classname="snapdeal_automation.snapdeal_automation_suite.ProductSearchTest" name="productSearch" time="2.13"/>
  <testcase classname="snapdeal_automation.snapdeal_automation_suite.PriceFilterTest" name="verifyPriceFilterFunctionality" time="4.581"/>
</testsuite> <!-- Test -->
