<?xml version="1.0" encoding="UTF-8"?>
<testng-results ignored="0" total="8" passed="8" failed="0" skipped="0">
  <reporter-output>
  </reporter-output>
  <suite started-at="2024-08-18T16:24:30 IST" name="Suite" finished-at="2024-08-18T16:26:33 IST" duration-ms="123027">
    <groups>
    </groups>
    <test started-at="2024-08-18T16:24:30 IST" name="Snapdeal Tests" finished-at="2024-08-18T16:26:33 IST" duration-ms="123027">
      <class name="snapdeal_automation.snapdeal_automation_suite.PriceFilterTest">
        <test-method is-config="true" signature="setup()[pri:0, instance:snapdeal_automation.snapdeal_automation_suite.PriceFilterTest@36804139]" started-at="2024-08-18T16:25:28 IST" name="setup" finished-at="2024-08-18T16:25:32 IST" duration-ms="4133" status="PASS">
          <reporter-output>
          </reporter-output>
        </test-method> <!-- setup -->
        <test-method signature="verifyPriceFilterFunctionality()[pri:0, instance:snapdeal_automation.snapdeal_automation_suite.PriceFilterTest@36804139]" started-at="2024-08-18T16:25:32 IST" name="verifyPriceFilterFunctionality" finished-at="2024-08-18T16:25:37 IST" duration-ms="4974" status="PASS">
          <reporter-output>
          </reporter-output>
        </test-method> <!-- verifyPriceFilterFunctionality -->
        <test-method is-config="true" signature="tearDown()[pri:0, instance:snapdeal_automation.snapdeal_automation_suite.PriceFilterTest@36804139]" started-at="2024-08-18T16:25:37 IST" name="tearDown" finished-at="2024-08-18T16:25:42 IST" duration-ms="5172" status="PASS">
          <reporter-output>
          </reporter-output>
        </test-method> <!-- tearDown -->
      </class> <!-- snapdeal_automation.snapdeal_automation_suite.PriceFilterTest -->
      <class name="snapdeal_automation.snapdeal_automation_suite.AddToCartTest">
        <test-method is-config="true" signature="setup()[pri:0, instance:snapdeal_automation.snapdeal_automation_suite.AddToCartTest@730d2164]" started-at="2024-08-18T16:25:52 IST" name="setup" finished-at="2024-08-18T16:25:54 IST" duration-ms="2374" status="PASS">
          <reporter-output>
          </reporter-output>
        </test-method> <!-- setup -->
        <test-method signature="verifyAddToCartFunctionality()[pri:0, instance:snapdeal_automation.snapdeal_automation_suite.AddToCartTest@730d2164]" started-at="2024-08-18T16:25:54 IST" name="verifyAddToCartFunctionality" finished-at="2024-08-18T16:26:06 IST" duration-ms="11367" status="PASS">
          <reporter-output>
          </reporter-output>
        </test-method> <!-- verifyAddToCartFunctionality -->
        <test-method is-config="true" signature="tearDown()[pri:0, instance:snapdeal_automation.snapdeal_automation_suite.AddToCartTest@730d2164]" started-at="2024-08-18T16:26:06 IST" name="tearDown" finished-at="2024-08-18T16:26:11 IST" duration-ms="5183" status="PASS">
          <reporter-output>
          </reporter-output>
        </test-method> <!-- tearDown -->
      </class> <!-- snapdeal_automation.snapdeal_automation_suite.AddToCartTest -->
      <class name="snapdeal_automation.snapdeal_automation_suite.ProductSortingTest">
        <test-method is-config="true" signature="setup()[pri:0, instance:snapdeal_automation.snapdeal_automation_suite.ProductSortingTest@3bcd05cb]" started-at="2024-08-18T16:24:45 IST" name="setup" finished-at="2024-08-18T16:24:49 IST" duration-ms="3092" status="PASS">
          <reporter-output>
          </reporter-output>
        </test-method> <!-- setup -->
        <test-method signature="verifySortingByPriceHighToLow()[pri:0, instance:snapdeal_automation.snapdeal_automation_suite.ProductSortingTest@3bcd05cb]" started-at="2024-08-18T16:24:49 IST" name="verifySortingByPriceHighToLow" description="Sorting Test" finished-at="2024-08-18T16:24:53 IST" duration-ms="4612" status="PASS">
          <reporter-output>
          </reporter-output>
        </test-method> <!-- verifySortingByPriceHighToLow -->
        <test-method is-config="true" signature="tearDown()[pri:0, instance:snapdeal_automation.snapdeal_automation_suite.ProductSortingTest@3bcd05cb]" started-at="2024-08-18T16:24:53 IST" name="tearDown" finished-at="2024-08-18T16:24:59 IST" duration-ms="5184" status="PASS">
          <reporter-output>
          </reporter-output>
        </test-method> <!-- tearDown -->
        <test-method is-config="true" signature="setup()[pri:0, instance:snapdeal_automation.snapdeal_automation_suite.ProductSortingTest@3bcd05cb]" started-at="2024-08-18T16:24:59 IST" name="setup" finished-at="2024-08-18T16:25:01 IST" duration-ms="2410" status="PASS">
          <reporter-output>
          </reporter-output>
        </test-method> <!-- setup -->
        <test-method signature="verifySortingByPriceLowToHigh()[pri:0, instance:snapdeal_automation.snapdeal_automation_suite.ProductSortingTest@3bcd05cb]" started-at="2024-08-18T16:25:01 IST" name="verifySortingByPriceLowToHigh" finished-at="2024-08-18T16:25:06 IST" duration-ms="4864" status="PASS">
          <reporter-output>
          </reporter-output>
        </test-method> <!-- verifySortingByPriceLowToHigh -->
        <test-method is-config="true" signature="tearDown()[pri:0, instance:snapdeal_automation.snapdeal_automation_suite.ProductSortingTest@3bcd05cb]" started-at="2024-08-18T16:25:06 IST" name="tearDown" finished-at="2024-08-18T16:25:11 IST" duration-ms="5172" status="PASS">
          <reporter-output>
          </reporter-output>
        </test-method> <!-- tearDown -->
      </class> <!-- snapdeal_automation.snapdeal_automation_suite.ProductSortingTest -->
      <class name="snapdeal_automation.snapdeal_automation_suite.ProductImageDisplayTest">
        <test-method is-config="true" signature="setup()[pri:0, instance:snapdeal_automation.snapdeal_automation_suite.ProductImageDisplayTest@20bd8be5]" started-at="2024-08-18T16:25:42 IST" name="setup" finished-at="2024-08-18T16:25:44 IST" duration-ms="2093" status="PASS">
          <reporter-output>
          </reporter-output>
        </test-method> <!-- setup -->
        <test-method signature="verifyProductImage()[pri:0, instance:snapdeal_automation.snapdeal_automation_suite.ProductImageDisplayTest@20bd8be5]" started-at="2024-08-18T16:25:44 IST" name="verifyProductImage" finished-at="2024-08-18T16:25:46 IST" duration-ms="2255" status="PASS">
          <reporter-output>
          </reporter-output>
        </test-method> <!-- verifyProductImage -->
        <test-method is-config="true" signature="tearDown()[pri:0, instance:snapdeal_automation.snapdeal_automation_suite.ProductImageDisplayTest@20bd8be5]" started-at="2024-08-18T16:25:47 IST" name="tearDown" finished-at="2024-08-18T16:25:52 IST" duration-ms="5152" status="PASS">
          <reporter-output>
          </reporter-output>
        </test-method> <!-- tearDown -->
      </class> <!-- snapdeal_automation.snapdeal_automation_suite.ProductImageDisplayTest -->
      <class name="snapdeal_automation.snapdeal_automation_suite.ProductSearchTest">
        <test-method is-config="true" signature="setup()[pri:0, instance:snapdeal_automation.snapdeal_automation_suite.ProductSearchTest@12591ac8]" started-at="2024-08-18T16:24:30 IST" name="setup" finished-at="2024-08-18T16:24:37 IST" duration-ms="6730" status="PASS">
          <reporter-output>
          </reporter-output>
        </test-method> <!-- setup -->
        <test-method signature="productSearch()[pri:0, instance:snapdeal_automation.snapdeal_automation_suite.ProductSearchTest@12591ac8]" started-at="2024-08-18T16:24:37 IST" name="productSearch" finished-at="2024-08-18T16:24:40 IST" duration-ms="3361" status="PASS">
          <reporter-output>
          </reporter-output>
        </test-method> <!-- productSearch -->
        <test-method is-config="true" signature="tearDown()[pri:0, instance:snapdeal_automation.snapdeal_automation_suite.ProductSearchTest@12591ac8]" started-at="2024-08-18T16:24:40 IST" name="tearDown" finished-at="2024-08-18T16:24:45 IST" duration-ms="5144" status="PASS">
          <reporter-output>
          </reporter-output>
        </test-method> <!-- tearDown -->
      </class> <!-- snapdeal_automation.snapdeal_automation_suite.ProductSearchTest -->
      <class name="snapdeal_automation.snapdeal_automation_suite.BrandFilterTest">
        <test-method is-config="true" signature="setup()[pri:0, instance:snapdeal_automation.snapdeal_automation_suite.BrandFilterTest@3b6d844d]" started-at="2024-08-18T16:25:11 IST" name="setup" finished-at="2024-08-18T16:25:13 IST" duration-ms="2139" status="PASS">
          <reporter-output>
          </reporter-output>
        </test-method> <!-- setup -->
        <test-method signature="verifyBrandFilterFunctionality()[pri:0, instance:snapdeal_automation.snapdeal_automation_suite.BrandFilterTest@3b6d844d]" started-at="2024-08-18T16:25:13 IST" name="verifyBrandFilterFunctionality" finished-at="2024-08-18T16:25:22 IST" duration-ms="8626" status="PASS">
          <reporter-output>
          </reporter-output>
        </test-method> <!-- verifyBrandFilterFunctionality -->
        <test-method is-config="true" signature="tearDown()[pri:0, instance:snapdeal_automation.snapdeal_automation_suite.BrandFilterTest@3b6d844d]" started-at="2024-08-18T16:25:22 IST" name="tearDown" finished-at="2024-08-18T16:25:28 IST" duration-ms="5189" status="PASS">
          <reporter-output>
          </reporter-output>
        </test-method> <!-- tearDown -->
      </class> <!-- snapdeal_automation.snapdeal_automation_suite.BrandFilterTest -->
      <class name="snapdeal_automation.snapdeal_automation_suite.RemoveFromCartTest">
        <test-method is-config="true" signature="setup()[pri:0, instance:snapdeal_automation.snapdeal_automation_suite.RemoveFromCartTest@24959ca4]" started-at="2024-08-18T16:26:11 IST" name="setup" finished-at="2024-08-18T16:26:14 IST" duration-ms="2671" status="PASS">
          <reporter-output>
          </reporter-output>
        </test-method> <!-- setup -->
        <test-method signature="verifyRemoveFromCartFunctionality()[pri:0, instance:snapdeal_automation.snapdeal_automation_suite.RemoveFromCartTest@24959ca4]" started-at="2024-08-18T16:26:14 IST" name="verifyRemoveFromCartFunctionality" finished-at="2024-08-18T16:26:27 IST" duration-ms="13846" status="PASS">
          <reporter-output>
          </reporter-output>
        </test-method> <!-- verifyRemoveFromCartFunctionality -->
        <test-method is-config="true" signature="tearDown()[pri:0, instance:snapdeal_automation.snapdeal_automation_suite.RemoveFromCartTest@24959ca4]" started-at="2024-08-18T16:26:28 IST" name="tearDown" finished-at="2024-08-18T16:26:33 IST" duration-ms="5171" status="PASS">
          <reporter-output>
          </reporter-output>
        </test-method> <!-- tearDown -->
      </class> <!-- snapdeal_automation.snapdeal_automation_suite.RemoveFromCartTest -->
    </test> <!-- Snapdeal Tests -->
  </suite> <!-- Suite -->
</testng-results>
